<?xml version="1.0" encoding="UTF-8"?>
<testng-results ignored="0" total="2" passed="2" failed="0" skipped="0">
  <reporter-output>
  </reporter-output>
  <suite started-at="2023-03-16T12:57:48 GMT" name="Suite1" finished-at="2023-03-16T12:58:47 GMT" duration-ms="58446">
    <groups>
    </groups>
    <test started-at="2023-03-16T12:57:48 GMT" name="Command line test cc226faf-8115-482e-8d42-25dd366e4f01" finished-at="2023-03-16T12:58:47 GMT" duration-ms="58446">
      <class name="org.testing.testscripts.TC4_LoginPlayLike">
        <test-method is-config="true" signature="mbeforesuite()[pri:0, instance:org.testing.testscripts.TC4_LoginPlayLike@6b67034]" started-at="2023-03-16T12:57:48 GMT" name="mbeforesuite" finished-at="2023-03-16T12:57:48 GMT" duration-ms="0" status="PASS">
          <reporter-output>
          </reporter-output>
        </test-method> <!-- mbeforesuite -->
        <test-method is-config="true" signature="mbeforetest()[pri:0, instance:org.testing.testscripts.TC4_LoginPlayLike@6b67034]" started-at="2023-03-16T12:57:48 GMT" name="mbeforetest" finished-at="2023-03-16T12:57:48 GMT" duration-ms="0" status="PASS">
          <reporter-output>
          </reporter-output>
        </test-method> <!-- mbeforetest -->
        <test-method is-config="true" signature="mbeforeclass()[pri:0, instance:org.testing.testscripts.TC4_LoginPlayLike@6b67034]" started-at="2023-03-16T12:58:16 GMT" name="mbeforeclass" finished-at="2023-03-16T12:58:17 GMT" duration-ms="1033" status="PASS">
          <reporter-output>
          </reporter-output>
        </test-method> <!-- mbeforeclass -->
        <test-method is-config="true" signature="init()[pri:0, instance:org.testing.testscripts.TC4_LoginPlayLike@6b67034]" started-at="2023-03-16T12:58:17 GMT" name="init" finished-at="2023-03-16T12:58:26 GMT" duration-ms="9184" status="PASS">
          <reporter-output>
          </reporter-output>
        </test-method> <!-- init -->
        <test-method signature="TestCase()[pri:0, instance:org.testing.testscripts.TC4_LoginPlayLike@6b67034]" started-at="2023-03-16T12:58:26 GMT" name="TestCase" finished-at="2023-03-16T12:58:46 GMT" duration-ms="20355" status="PASS">
          <reporter-output>
          </reporter-output>
        </test-method> <!-- TestCase -->
        <test-method is-config="true" signature="closure()[pri:0, instance:org.testing.testscripts.TC4_LoginPlayLike@6b67034]" started-at="2023-03-16T12:58:46 GMT" name="closure" finished-at="2023-03-16T12:58:47 GMT" duration-ms="444" status="PASS">
          <reporter-output>
          </reporter-output>
        </test-method> <!-- closure -->
        <test-method is-config="true" signature="mafterclass()[pri:0, instance:org.testing.testscripts.TC4_LoginPlayLike@6b67034]" started-at="2023-03-16T12:58:47 GMT" name="mafterclass" finished-at="2023-03-16T12:58:47 GMT" duration-ms="0" status="PASS">
          <reporter-output>
          </reporter-output>
        </test-method> <!-- mafterclass -->
        <test-method is-config="true" signature="maftertest()[pri:0, instance:org.testing.testscripts.TC4_LoginPlayLike@6b67034]" started-at="2023-03-16T12:58:47 GMT" name="maftertest" finished-at="2023-03-16T12:58:47 GMT" duration-ms="0" status="PASS">
          <reporter-output>
          </reporter-output>
        </test-method> <!-- maftertest -->
        <test-method is-config="true" signature="maftersuite()[pri:0, instance:org.testing.testscripts.TC4_LoginPlayLike@6b67034]" started-at="2023-03-16T12:58:47 GMT" name="maftersuite" finished-at="2023-03-16T12:58:47 GMT" duration-ms="0" status="PASS">
          <reporter-output>
          </reporter-output>
        </test-method> <!-- maftersuite -->
      </class> <!-- org.testing.testscripts.TC4_LoginPlayLike -->
      <class name="org.testing.testscripts.TC1_LoginTrending">
        <test-method is-config="true" signature="mbeforesuite()[pri:0, instance:org.testing.testscripts.TC1_LoginTrending@21a947fe]" started-at="2023-03-16T12:57:48 GMT" name="mbeforesuite" finished-at="2023-03-16T12:57:48 GMT" duration-ms="12" status="PASS">
          <reporter-output>
          </reporter-output>
        </test-method> <!-- mbeforesuite -->
        <test-method is-config="true" signature="mbeforetest()[pri:0, instance:org.testing.testscripts.TC1_LoginTrending@21a947fe]" started-at="2023-03-16T12:57:48 GMT" name="mbeforetest" finished-at="2023-03-16T12:57:48 GMT" duration-ms="1" status="PASS">
          <reporter-output>
          </reporter-output>
        </test-method> <!-- mbeforetest -->
        <test-method is-config="true" signature="mbeforeclass()[pri:0, instance:org.testing.testscripts.TC1_LoginTrending@21a947fe]" started-at="2023-03-16T12:57:48 GMT" name="mbeforeclass" finished-at="2023-03-16T12:57:50 GMT" duration-ms="1749" status="PASS">
          <reporter-output>
          </reporter-output>
        </test-method> <!-- mbeforeclass -->
        <test-method is-config="true" signature="init()[pri:0, instance:org.testing.testscripts.TC1_LoginTrending@21a947fe]" started-at="2023-03-16T12:57:50 GMT" name="init" finished-at="2023-03-16T12:57:57 GMT" duration-ms="6780" status="PASS">
          <reporter-output>
          </reporter-output>
        </test-method> <!-- init -->
        <test-method signature="TestCase()[pri:0, instance:org.testing.testscripts.TC1_LoginTrending@21a947fe]" started-at="2023-03-16T12:57:57 GMT" name="TestCase" finished-at="2023-03-16T12:58:15 GMT" duration-ms="18311" status="PASS">
          <reporter-output>
          </reporter-output>
        </test-method> <!-- TestCase -->
        <test-method is-config="true" signature="closure()[pri:0, instance:org.testing.testscripts.TC1_LoginTrending@21a947fe]" started-at="2023-03-16T12:58:15 GMT" name="closure" finished-at="2023-03-16T12:58:16 GMT" duration-ms="562" status="PASS">
          <reporter-output>
          </reporter-output>
        </test-method> <!-- closure -->
        <test-method is-config="true" signature="mafterclass()[pri:0, instance:org.testing.testscripts.TC1_LoginTrending@21a947fe]" started-at="2023-03-16T12:58:16 GMT" name="mafterclass" finished-at="2023-03-16T12:58:16 GMT" duration-ms="0" status="PASS">
          <reporter-output>
          </reporter-output>
        </test-method> <!-- mafterclass -->
        <test-method is-config="true" signature="maftertest()[pri:0, instance:org.testing.testscripts.TC1_LoginTrending@21a947fe]" started-at="2023-03-16T12:58:47 GMT" name="maftertest" finished-at="2023-03-16T12:58:47 GMT" duration-ms="0" status="PASS">
          <reporter-output>
          </reporter-output>
        </test-method> <!-- maftertest -->
        <test-method is-config="true" signature="maftersuite()[pri:0, instance:org.testing.testscripts.TC1_LoginTrending@21a947fe]" started-at="2023-03-16T12:58:47 GMT" name="maftersuite" finished-at="2023-03-16T12:58:47 GMT" duration-ms="1" status="PASS">
          <reporter-output>
          </reporter-output>
        </test-method> <!-- maftersuite -->
      </class> <!-- org.testing.testscripts.TC1_LoginTrending -->
    </test> <!-- Command line test cc226faf-8115-482e-8d42-25dd366e4f01 -->
  </suite> <!-- Suite1 -->
</testng-results>
