<?xml version="1.0" encoding="UTF-8"?>
<testng-results ignored="0" total="1" passed="1" failed="0" skipped="0">
  <reporter-output>
  </reporter-output>
  <suite started-at="2023-03-21T17:18:43 GMT" name="Suite" finished-at="2023-03-21T17:19:10 GMT" duration-ms="26820">
    <groups>
    </groups>
    <test started-at="2023-03-21T17:18:43 GMT" name="Test" finished-at="2023-03-21T17:19:10 GMT" duration-ms="26820">
      <class name="org.testing.testscripts.TC8_LoginLibrary">
        <test-method is-config="true" signature="mbeforesuite()[pri:0, instance:org.testing.testscripts.TC8_LoginLibrary@32eff876]" started-at="2023-03-21T17:18:43 GMT" name="mbeforesuite" finished-at="2023-03-21T17:18:43 GMT" duration-ms="9" status="PASS">
          <reporter-output>
          </reporter-output>
        </test-method> <!-- mbeforesuite -->
        <test-method is-config="true" signature="mbeforetest()[pri:0, instance:org.testing.testscripts.TC8_LoginLibrary@32eff876]" started-at="2023-03-21T17:18:43 GMT" name="mbeforetest" finished-at="2023-03-21T17:18:43 GMT" duration-ms="0" status="PASS">
          <reporter-output>
          </reporter-output>
        </test-method> <!-- mbeforetest -->
        <test-method is-config="true" signature="mbeforeclass()[pri:0, instance:org.testing.testscripts.TC8_LoginLibrary@32eff876]" started-at="2023-03-21T17:18:43 GMT" name="mbeforeclass" finished-at="2023-03-21T17:18:45 GMT" duration-ms="2066" status="PASS">
          <reporter-output>
          </reporter-output>
        </test-method> <!-- mbeforeclass -->
        <test-method is-config="true" signature="init()[pri:0, instance:org.testing.testscripts.TC8_LoginLibrary@32eff876]" started-at="2023-03-21T17:18:45 GMT" name="init" finished-at="2023-03-21T17:18:54 GMT" duration-ms="8893" status="PASS">
          <reporter-output>
          </reporter-output>
        </test-method> <!-- init -->
        <test-method signature="TestCase()[pri:0, instance:org.testing.testscripts.TC8_LoginLibrary@32eff876]" started-at="2023-03-21T17:18:54 GMT" name="TestCase" finished-at="2023-03-21T17:19:09 GMT" duration-ms="15374" status="PASS">
          <reporter-output>
          </reporter-output>
        </test-method> <!-- TestCase -->
        <test-method is-config="true" signature="closure()[pri:0, instance:org.testing.testscripts.TC8_LoginLibrary@32eff876]" started-at="2023-03-21T17:19:09 GMT" name="closure" finished-at="2023-03-21T17:19:10 GMT" duration-ms="440" status="PASS">
          <reporter-output>
          </reporter-output>
        </test-method> <!-- closure -->
        <test-method is-config="true" signature="mafterclass()[pri:0, instance:org.testing.testscripts.TC8_LoginLibrary@32eff876]" started-at="2023-03-21T17:19:10 GMT" name="mafterclass" finished-at="2023-03-21T17:19:10 GMT" duration-ms="0" status="PASS">
          <reporter-output>
          </reporter-output>
        </test-method> <!-- mafterclass -->
        <test-method is-config="true" signature="maftertest()[pri:0, instance:org.testing.testscripts.TC8_LoginLibrary@32eff876]" started-at="2023-03-21T17:19:10 GMT" name="maftertest" finished-at="2023-03-21T17:19:10 GMT" duration-ms="0" status="PASS">
          <reporter-output>
          </reporter-output>
        </test-method> <!-- maftertest -->
        <test-method is-config="true" signature="maftersuite()[pri:0, instance:org.testing.testscripts.TC8_LoginLibrary@32eff876]" started-at="2023-03-21T17:19:10 GMT" name="maftersuite" finished-at="2023-03-21T17:19:10 GMT" duration-ms="0" status="PASS">
          <reporter-output>
          </reporter-output>
        </test-method> <!-- maftersuite -->
      </class> <!-- org.testing.testscripts.TC8_LoginLibrary -->
    </test> <!-- Test -->
  </suite> <!-- Suite -->
</testng-results>
