<?xml version="1.0" encoding="UTF-8"?>
<!-- Generated by org.testng.reporters.JUnitXMLReporter -->
<testsuite ignored="0" hostname="DESKTOP-SLGF53B" failures="0" tests="2" name="Command line test cc226faf-8115-482e-8d42-25dd366e4f01" time="58.446" errors="0" timestamp="2023-03-16T12:58:47 GMT">
  <testcase classname="org.testing.testscripts.TC1_LoginTrending" name="TestCase" time="18.311"/>
  <testcase classname="org.testing.testscripts.TC4_LoginPlayLike" name="TestCase" time="20.355"/>
</testsuite> <!-- Command line test cc226faf-8115-482e-8d42-25dd366e4f01 -->
